2024-09-23 08:20:47,128 - 开始执行命令 1: .\build\Debug\pbrt.exe --quiet --spp 64 E:\Data\BJTU\NJU1\4.Research\pbrt-v4-scenes-master\kroken\camera-1-pt.pbrt
2024-09-23 09:03:32,882 - 命令 1 执行成功, 耗时: 2565.75 秒
2024-09-23 09:03:32,886 - stdout: 
2024-09-23 09:03:32,886 - stderr: 
2024-09-23 09:03:32,886 - 

=====================================

2024-09-23 09:03:32,886 - 开始执行命令 2: .\build\Debug\pbrt.exe --quiet --spp 64 E:\Data\BJTU\NJU1\4.Research\pbrt-v4-scenes-master\kroken\camera-1-sppm.pbrt
2024-09-23 09:42:20,273 - 命令 2 执行成功, 耗时: 2327.38 秒
2024-09-23 09:42:20,276 - stdout: 
2024-09-23 09:42:20,276 - stderr: 
2024-09-23 09:42:20,276 - 

=====================================

2024-09-23 09:42:20,277 - 开始执行命令 3: .\build\Debug\pbrt.exe --quiet --spp 128 E:\Data\BJTU\NJU1\4.Research\pbrt-v4-scenes-master\barcelona-pavilion\pavilion-day-pt.pbrt
2024-09-23 09:49:58,150 - 命令 3 执行成功, 耗时: 457.87 秒
2024-09-23 09:49:58,150 - stdout: 
2024-09-23 09:49:58,150 - stderr: 
2024-09-23 09:49:58,150 - 

=====================================

2024-09-23 09:49:58,150 - 开始执行命令 4: .\build\Debug\pbrt.exe --quiet --spp 128 E:\Data\BJTU\NJU1\4.Research\pbrt-v4-scenes-master\barcelona-pavilion\pavilion-day-sppm.pbrt
2024-09-23 09:57:57,452 - 命令 4 执行成功, 耗时: 479.30 秒
2024-09-23 09:57:57,452 - stdout: 
2024-09-23 09:57:57,452 - stderr: 
2024-09-23 09:57:57,452 - 

=====================================

2024-09-23 09:57:57,452 - 开始执行命令 5: .\build\Debug\pbrt.exe --quiet --spp 128 E:\Data\BJTU\NJU1\4.Research\pbrt-v4-scenes-master\bistro\bistro_vespa-pt.pbrt
2024-09-23 10:09:42,276 - 命令 5 执行成功, 耗时: 704.82 秒
2024-09-23 10:09:42,276 - stdout: 
2024-09-23 10:09:42,276 - stderr: 
2024-09-23 10:09:42,276 - 

=====================================

2024-09-23 10:09:42,276 - 开始执行命令 6: .\build\Debug\pbrt.exe --quiet --spp 128 E:\Data\BJTU\NJU1\4.Research\pbrt-v4-scenes-master\bistro\bistro_vespa-sppm.pbrt
2024-09-23 10:20:19,949 - 命令 6 执行成功, 耗时: 637.67 秒
2024-09-23 10:20:19,950 - stdout: 
2024-09-23 10:20:19,950 - stderr: 
2024-09-23 10:20:19,950 - 

=====================================

2024-09-23 10:20:19,950 - 开始执行命令 7: .\build\Debug\pbrt.exe --quiet --spp 128 E:\Data\BJTU\NJU1\4.Research\pbrt-v4-scenes-master\bmw-m6\bmw-m6-pt.pbrt
2024-09-23 10:24:05,361 - 命令 7 执行成功, 耗时: 225.41 秒
2024-09-23 10:24:05,361 - stdout: 
2024-09-23 10:24:05,361 - stderr: 
2024-09-23 10:24:05,361 - 

=====================================

2024-09-23 10:24:05,361 - 开始执行命令 8: .\build\Debug\pbrt.exe --quiet --spp 128 E:\Data\BJTU\NJU1\4.Research\pbrt-v4-scenes-master\bmw-m6\bmw-m6-sppm.pbrt
2024-09-23 10:28:20,298 - 命令 8 执行成功, 耗时: 254.94 秒
2024-09-23 10:28:20,299 - stdout: 
2024-09-23 10:28:20,299 - stderr: 
2024-09-23 10:28:20,299 - 

=====================================

2024-09-23 10:28:20,299 - 开始执行命令 9: .\build\Debug\pbrt.exe --quiet --spp 128 E:\Data\BJTU\NJU1\4.Research\pbrt-v4-scenes-master\contemporary-bathroom\contemporary-bathroom-sppm.pbrt
2024-09-23 10:40:49,613 - 命令 9 执行成功, 耗时: 749.31 秒
2024-09-23 10:40:49,613 - stdout: 
2024-09-23 10:40:49,613 - stderr: 
2024-09-23 10:40:49,613 - 

=====================================

2024-09-23 10:40:49,613 - 开始执行命令 10: .\build\Debug\pbrt.exe --quiet --spp 128 E:\Data\BJTU\NJU1\4.Research\pbrt-v4-scenes-master\contemporary-bathroom\contemporary-bathroom-pt.pbrt
2024-09-23 10:54:40,578 - 命令 10 执行成功, 耗时: 830.97 秒
2024-09-23 10:54:40,578 - stdout: 
2024-09-23 10:54:40,578 - stderr: 
2024-09-23 10:54:40,578 - 

=====================================

